<?xml version="1.0" encoding="UTF-8"?>
<!-- Generated by org.testng.reporters.JUnitXMLReporter -->
<testsuite ignored="0" hostname="LAPTOP-0FGQSA9U" failures="1" tests="2" name="Test" time="7.59" errors="0" timestamp="2024-08-12T16:11:33 OMST">
  <testcase classname="testcases.EntireFlow" name="part1" time="0.027">
    <failure type="java.lang.NullPointerException" message="Cannot invoke &amp;quot;pom.MensSection.shirtSelection()&amp;quot; because &amp;quot;this.mensSection&amp;quot; is null">
      <![CDATA[java.lang.NullPointerException: Cannot invoke "pom.MensSection.shirtSelection()" because "this.mensSection" is null
at testcases.EntireFlow.part1(EntireFlow.java:26)
at java.base/java.util.ArrayList.forEach(ArrayList.java:1597)
... Removed 25 stack frames]]>
    </failure>
  </testcase> <!-- part1 -->
  <testcase classname="testcases.EntireFlow" name="part2" time="0.0">
    <skipped/>
  </testcase> <!-- part2 -->
</testsuite> <!-- Test -->
