<?xml version="1.0" encoding="UTF-8"?>
<testng-results ignored="0" total="2" passed="2" failed="0" skipped="0">
  <reporter-output>
  </reporter-output>
  <suite started-at="2024-08-13T09:06:13 OMST" name="Default suite" finished-at="2024-08-13T09:06:52 OMST" duration-ms="39079">
    <groups>
    </groups>
    <test started-at="2024-08-13T09:06:13 OMST" name="Default test" finished-at="2024-08-13T09:06:52 OMST" duration-ms="39079">
      <class name="testcases.EntireFlow">
        <test-method is-config="true" signature="opening()[pri:0, instance:testcases.EntireFlow@65987993]" started-at="2024-08-13T09:06:13 OMST" name="opening" finished-at="2024-08-13T09:06:18 OMST" duration-ms="5819" status="PASS">
          <reporter-output>
          </reporter-output>
        </test-method> <!-- opening -->
        <test-method signature="part1()[pri:0, instance:testcases.EntireFlow@65987993]" started-at="2024-08-13T09:06:18 OMST" name="part1" finished-at="2024-08-13T09:06:38 OMST" duration-ms="19346" status="PASS">
          <reporter-output>
          </reporter-output>
        </test-method> <!-- part1 -->
        <test-method signature="part2()[pri:0, instance:testcases.EntireFlow@65987993]" started-at="2024-08-13T09:06:38 OMST" name="part2" finished-at="2024-08-13T09:06:49 OMST" depends-on-methods="testcases.EntireFlow.part1" duration-ms="10679" status="PASS">
          <reporter-output>
          </reporter-output>
        </test-method> <!-- part2 -->
        <test-method is-config="true" signature="closing()[pri:0, instance:testcases.EntireFlow@65987993]" started-at="2024-08-13T09:06:49 OMST" name="closing" finished-at="2024-08-13T09:06:52 OMST" duration-ms="3167" status="PASS">
          <reporter-output>
          </reporter-output>
        </test-method> <!-- closing -->
      </class> <!-- testcases.EntireFlow -->
    </test> <!-- Default test -->
  </suite> <!-- Default suite -->
</testng-results>
